<?xml version="1.0" encoding="UTF-8"?>
<!-- Generated by org.testng.reporters.JUnitXMLReporter -->
<testsuite hostname="MAVBCP3512" ignored="0" name="Sample2Test" tests="21" failures="0" timestamp="2021-10-18T00:22:35 IST" time="181.519" errors="0">
  <testcase name="enter_invalid" time="12.261" classname="ether.OpenCart"/>
  <testcase name="view_the_total_orders" time="4.764" classname="ether.OpenCart"/>
  <testcase name="filter_and_view_the_order" time="13.605" classname="ether.OpenCart"/>
  <testcase name="click_on_print_Invoice_and_dispatch_note" time="6.494" classname="ether.OpenCart"/>
  <testcase name="user_providing_category_details" time="8.143" classname="ether.OpenCart"/>
  <testcase name="click_on_saving_the_category" time="7.796" classname="ether.OpenCart"/>
  <testcase name="user_unable_to_add_the_category" time="3.139" classname="ether.OpenCart"/>
  <testcase name="user_selects_information_option" time="10.762" classname="ether.OpenCart"/>
  <testcase name="user_unable_to_delete_the_information" time="3.148" classname="ether.OpenCart"/>
  <testcase name="click_on_extension" time="3.55" classname="ether.OpenCart"/>
  <testcase name="use_the_Upload_button_to_upload_the_file_to_OpenCart_online_shop" time="8.251" classname="ether.OpenCart"/>
  <testcase name="Go_to_layout_option" time="1.528" classname="ether.OpenCart"/>
  <testcase name="adding_layout" time="4.004" classname="ether.OpenCart"/>
  <testcase name="layout_added_successfully" time="0.129" classname="ether.OpenCart"/>
  <testcase name="user_click_on_the_customer_field" time="7.952" classname="ether.OpenCart"/>
  <testcase name="enter_customerdetails_fields" time="9.571" classname="ether.OpenCart"/>
  <testcase name="click_on_edit_button" time="6.796" classname="ether.OpenCart"/>
  <testcase name="user_click_on_the_report_field" time="1.616" classname="ether.OpenCart"/>
  <testcase name="choose_the_report_type" time="2.103" classname="ether.OpenCart"/>
  <testcase name="user_click_on_Customer_name" time="7.5" classname="ether.OpenCart"/>
  <testcase name="view_the_customer_reports" time="0.104" classname="ether.OpenCart"/>
</testsuite> <!-- Sample2Test -->
