<?xml version="1.0" encoding="UTF-8"?>
<!-- Generated by org.testng.reporters.JUnitXMLReporter -->
<testsuite hostname="MAVBCP3512" ignored="0" name="Default test" tests="21" failures="0" timestamp="2021-10-17T23:58:38 IST" time="127.259" errors="0">
  <testcase name="enter_invalid" time="13.458" classname="ether.OpenCart"/>
  <testcase name="view_the_total_orders" time="4.6" classname="ether.OpenCart"/>
  <testcase name="filter_and_view_the_order" time="13.091" classname="ether.OpenCart"/>
  <testcase name="click_on_print_Invoice_and_dispatch_note" time="3.432" classname="ether.OpenCart"/>
  <testcase name="user_providing_category_details" time="7.303" classname="ether.OpenCart"/>
  <testcase name="click_on_saving_the_category" time="7.704" classname="ether.OpenCart"/>
  <testcase name="user_unable_to_add_the_category" time="3.174" classname="ether.OpenCart"/>
  <testcase name="user_selects_information_option" time="10.622" classname="ether.OpenCart"/>
  <testcase name="user_unable_to_delete_the_information" time="3.206" classname="ether.OpenCart"/>
  <testcase name="click_on_extension" time="3.387" classname="ether.OpenCart"/>
  <testcase name="use_the_Upload_button_to_upload_the_file_to_OpenCart_online_shop" time="7.309" classname="ether.OpenCart"/>
  <testcase name="Go_to_layout_option" time="1.355" classname="ether.OpenCart"/>
  <testcase name="adding_layout" time="3.458" classname="ether.OpenCart"/>
  <testcase name="layout_added_successfully" time="0.157" classname="ether.OpenCart"/>
  <testcase name="user_click_on_the_customer_field" time="8.012" classname="ether.OpenCart"/>
  <testcase name="enter_customerdetails_fields" time="9.624" classname="ether.OpenCart"/>
  <testcase name="click_on_edit_button" time="6.595" classname="ether.OpenCart"/>
  <testcase name="user_click_on_the_report_field" time="1.437" classname="ether.OpenCart"/>
  <testcase name="choose_the_report_type" time="2.0" classname="ether.OpenCart"/>
  <testcase name="user_click_on_Customer_name" time="7.868" classname="ether.OpenCart"/>
  <testcase name="view_the_customer_reports" time="0.114" classname="ether.OpenCart"/>
</testsuite> <!-- Default test -->
