<?xml version="1.0" encoding="UTF-8"?>
<testng-results skipped="0" failed="0" ignored="0" total="1" passed="1">
  <reporter-output>
  </reporter-output>
  <suite name="sample test suite" duration-ms="23845" started-at="2021-10-13T16:03:42 IST" finished-at="2021-10-13T16:04:06 IST">
    <groups>
    </groups>
    <test name="Login Test" duration-ms="23845" started-at="2021-10-13T16:03:42 IST" finished-at="2021-10-13T16:04:06 IST">
      <class name="mavenSeleniumGA.Run">
        <test-method status="PASS" signature="setup()[pri:0, instance:mavenSeleniumGA.Run@5e2f3be5]" name="setup" is-config="true" duration-ms="8266" started-at="2021-10-13T16:03:42 IST" finished-at="2021-10-13T16:03:50 IST">
          <reporter-output>
          </reporter-output>
        </test-method> <!-- setup -->
        <test-method status="PASS" signature="execution()[pri:0, instance:mavenSeleniumGA.Run@5e2f3be5]" name="execution" duration-ms="13866" started-at="2021-10-13T16:03:50 IST" finished-at="2021-10-13T16:04:04 IST">
          <reporter-output>
          </reporter-output>
        </test-method> <!-- execution -->
        <test-method status="PASS" signature="tearDown()[pri:0, instance:mavenSeleniumGA.Run@5e2f3be5]" name="tearDown" is-config="true" duration-ms="1646" started-at="2021-10-13T16:04:04 IST" finished-at="2021-10-13T16:04:06 IST">
          <reporter-output>
          </reporter-output>
        </test-method> <!-- tearDown -->
      </class> <!-- mavenSeleniumGA.Run -->
    </test> <!-- Login Test -->
  </suite> <!-- sample test suite -->
</testng-results>
