<?xml version="1.0" encoding="UTF-8"?>
<testng-results skipped="0" failed="0" ignored="0" total="1" passed="1">
  <reporter-output>
  </reporter-output>
  <suite name="sample test suite" duration-ms="25220" started-at="2021-10-14T10:32:08 IST" finished-at="2021-10-14T10:32:33 IST">
    <groups>
    </groups>
    <test name="Login Test" duration-ms="25220" started-at="2021-10-14T10:32:08 IST" finished-at="2021-10-14T10:32:33 IST">
      <class name="mavenSeleniumGA.Run">
        <test-method status="PASS" signature="setup()[pri:0, instance:mavenSeleniumGA.Run@359b650b]" name="setup" is-config="true" duration-ms="8560" started-at="2021-10-14T10:32:08 IST" finished-at="2021-10-14T10:32:16 IST">
          <reporter-output>
          </reporter-output>
        </test-method> <!-- setup -->
        <test-method status="PASS" signature="execution()[pri:0, instance:mavenSeleniumGA.Run@359b650b]" name="execution" duration-ms="15034" started-at="2021-10-14T10:32:16 IST" finished-at="2021-10-14T10:32:31 IST">
          <reporter-output>
          </reporter-output>
        </test-method> <!-- execution -->
        <test-method status="PASS" signature="tearDown()[pri:0, instance:mavenSeleniumGA.Run@359b650b]" name="tearDown" is-config="true" duration-ms="1541" started-at="2021-10-14T10:32:32 IST" finished-at="2021-10-14T10:32:33 IST">
          <reporter-output>
          </reporter-output>
        </test-method> <!-- tearDown -->
      </class> <!-- mavenSeleniumGA.Run -->
    </test> <!-- Login Test -->
  </suite> <!-- sample test suite -->
</testng-results>
