<?xml version="1.0" encoding="UTF-8"?>
<testng-results skipped="0" failed="0" ignored="0" total="1" passed="1">
  <reporter-output>
  </reporter-output>
  <suite name="sample test suite" duration-ms="27973" started-at="2021-10-14T00:28:17 IST" finished-at="2021-10-14T00:28:45 IST">
    <groups>
    </groups>
    <test name="Login Test" duration-ms="27973" started-at="2021-10-14T00:28:17 IST" finished-at="2021-10-14T00:28:45 IST">
      <class name="mavenSeleniumGA.Run">
        <test-method status="PASS" signature="setup()[pri:0, instance:mavenSeleniumGA.Run@59906517]" name="setup" is-config="true" duration-ms="9288" started-at="2021-10-14T00:28:17 IST" finished-at="2021-10-14T00:28:26 IST">
          <reporter-output>
          </reporter-output>
        </test-method> <!-- setup -->
        <test-method status="PASS" signature="execution()[pri:0, instance:mavenSeleniumGA.Run@59906517]" name="execution" duration-ms="17227" started-at="2021-10-14T00:28:26 IST" finished-at="2021-10-14T00:28:43 IST">
          <reporter-output>
          </reporter-output>
        </test-method> <!-- execution -->
        <test-method status="PASS" signature="tearDown()[pri:0, instance:mavenSeleniumGA.Run@59906517]" name="tearDown" is-config="true" duration-ms="1375" started-at="2021-10-14T00:28:43 IST" finished-at="2021-10-14T00:28:45 IST">
          <reporter-output>
          </reporter-output>
        </test-method> <!-- tearDown -->
      </class> <!-- mavenSeleniumGA.Run -->
    </test> <!-- Login Test -->
  </suite> <!-- sample test suite -->
</testng-results>
